{"logTime": "0809/163010", "correlationVector":"omZWIN0ZkvBKSM979AMph2.1","action":"SyncServerConnectionManagerRequest", "result":"SYNC_SERVER_OK", "context":{"environment":"Prod_EastUS_000w", "migrationStage":"NotStarted", "server":"general1100003E"}}
{"logTime": "0809/163011", "correlationVector":"omZWIN0ZkvBKSM979AMph2.2","action":"AAD.Mip.Unpack", "result":"Success", "context":MIP_CLOUD_COMMERCIAL:Success}
{"logTime": "0809/163011", "correlationVector":"omZWIN0ZkvBKSM979AMph2.3","action":"AAD.GetKeyResponse", "result":"Success", "context":Keys=1.LastKeyStatus=Expired. 2023-04-26 17:07:36 -04.State=None.Pending NewKey. Tags: Current_encryption_keys_tag = GEXvv73vv71h77+977+9NlHvv70Xa++/ve+/ve+/vVsueBdpKyhL77+9aHHKsWE/Fw==, Updated_current_encryption_keys_tag = Empty}
{"logTime": "0809/163011", "correlationVector":"omZWIN0ZkvBKSM979AMph2","action":"Initial GetUpdates", "result":"", "context":Reason: NEW_CLIENT. cV=omZWIN0ZkvBKSM979AMph2}
{"logTime": "0809/163011", "correlationVector":"omZWIN0ZkvBKSM979AMph2.4","action":"GetUpdates Response", "result":"Success", "context":Received 1 update(s). cV=omZWIN0ZkvBKSM979AMph2.0;server=general1100003E;cloudType=Multitenant;environment=Prod_EastUS_000w;migrationStage=NotStarted}
{"logTime": "0809/163015", "correlationVector":"drf8+oLV/7b5eWh4aN2wtC","action":"Initial GetUpdates", "result":"", "context":Reason: NEW_CLIENT. cV=drf8+oLV/7b5eWh4aN2wtC}
{"logTime": "0809/163015", "correlationVector":"drf8+oLV/7b5eWh4aN2wtC.1","action":"SyncServerConnectionManagerRequest", "result":"SYNC_SERVER_OK", "context":{"environment":"Prod_EastUS_000w", "migrationStage":"NotStarted", "server":"general0200003T"}}
{"logTime": "0809/163015", "correlationVector":"drf8+oLV/7b5eWh4aN2wtC.2","action":"GetUpdates Response", "result":"Success", "context":Received 1 update(s). cV=drf8+oLV/7b5eWh4aN2wtC.0;server=general0200003T;cloudType=Multitenant;environment=Prod_EastUS_000w;migrationStage=NotStarted}
{"logTime": "0809/163015", "correlationVector":"suLgMU5tZh0vDPHLlSEF3S","action":"Normal GetUpdate request", "result":"", "context":cV=suLgMU5tZh0vDPHLlSEF3S
Nudged types: Device Info, User Consents
Refresh requested types: Device Info, User Consents, Send Tab To Self, Encryption Keys}
{"logTime": "0809/163015", "correlationVector":"suLgMU5tZh0vDPHLlSEF3S.1","action":"SyncServerConnectionManagerRequest", "result":"SYNC_SERVER_OK", "context":{"environment":"Prod_EastUS_000w", "migrationStage":"NotStarted", "server":"general11000000"}}
{"logTime": "0809/163015", "correlationVector":"suLgMU5tZh0vDPHLlSEF3S.2","action":"GetUpdates Response", "result":"Success", "context":Received 0 update(s). cV=suLgMU5tZh0vDPHLlSEF3S.0;server=general11000000;cloudType=Multitenant;environment=Prod_EastUS_000w;migrationStage=NotStarted}
{"logTime": "0809/163016", "correlationVector":"CEz4aaf44kVMVAQSLX5l/y","action":"AAD.Mip.Pack:", "result":"Success", "context":MIP_CLOUD_COMMERCIAL:Success}
{"logTime": "0809/163016", "correlationVector":"CEz4aaf44kVMVAQSLX5l/y.0","action":"AAD.AddCommitKey", "result":"Success", "context": Tags: Current_encryption_keys_tag = GEWapWGe8542UbAXa5HK/1sueBdpKyhL2mhxyrFhPxc=, Updated_current_encryption_keys_tag = SYcFnib08Y4bh63oygi0CGShAKbiuzgOFZo8UrUGWOI=}
{"logTime": "0809/163016", "correlationVector":"SnenI6AhFw/uebGronSbpR","action":"Commit Request", "result":"", "context":Item count: 2
Contributing types: Device Info, User Consents}
{"logTime": "0809/163016", "correlationVector":"SnenI6AhFw/uebGronSbpR.1","action":"SyncServerConnectionManagerRequest", "result":"SYNC_SERVER_OK", "context":{"environment":"Prod_EastUS_000w", "migrationStage":"NotStarted", "server":"general1100000P"}}
{"logTime": "0809/163016", "correlationVector":"SnenI6AhFw/uebGronSbpR.2","action":"Commit Response", "result":"Success", "context":Result: Success. cV=SnenI6AhFw/uebGronSbpR.0;server=general1100000P;cloudType=Multitenant;environment=Prod_EastUS_000w;migrationStage=NotStarted}
{"logTime": "0809/163016", "correlationVector":"SnenI6AhFw/uebGronSbpR.3","action":"AAD.CommitKeyResponse", "result":"Success", "context":Committed}
{"logTime": "0809/163016", "correlationVector":"bdQWuNiEQeMTs92Te1XctL","action":"Normal GetUpdate request", "result":"", "context":cV=bdQWuNiEQeMTs92Te1XctL
Nudged types: Device Info}
{"logTime": "0809/163017", "correlationVector":"bdQWuNiEQeMTs92Te1XctL.1","action":"SyncServerConnectionManagerRequest", "result":"SYNC_SERVER_OK", "context":{"environment":"Prod_EastUS_000w", "migrationStage":"NotStarted", "server":"general11000008"}}
{"logTime": "0809/163017", "correlationVector":"bdQWuNiEQeMTs92Te1XctL.2","action":"GetUpdates Response", "result":"Success", "context":Received 1 update(s). cV=bdQWuNiEQeMTs92Te1XctL.0;server=general11000008;cloudType=Multitenant;environment=Prod_EastUS_000w;migrationStage=NotStarted}
