2024-08-09T16:30:03.393Z P:26616 T:33168] SyncServiceImpl::Initialize,SyncState after the account was authenticated: NotSignedIn
2024-08-09T16:30:07.345Z P:26616 T:24348] SyncManagerImpl::ConfigureSyncer,Types to download: Encryption Keys
2024-08-09T16:30:15.024Z P:26616 T:33168] ModelLoadManager::Configure,Desired: Device Info, User Consents, Send Tab To Self, Encryption Keys preferred: Device Info, User Consents, Send Tab To Self, Encryption Keys
2024-08-09T16:30:15.024Z P:26616 T:33168] ModelLoadManager::LoadDesiredTypes,Desired: Device Info, User Consents, Send Tab To Self
2024-08-09T16:30:15.041Z P:26616 T:33168] ModelLoadManager::ModelLoadCallback,Load Device Info: success
2024-08-09T16:30:15.041Z P:26616 T:33168] ModelLoadManager::ModelLoadCallback,Load User Consents: success
2024-08-09T16:30:15.041Z P:26616 T:33168] ModelLoadManager::ModelLoadCallback,Load Send Tab To Self: success
2024-08-09T16:30:15.041Z P:26616 T:33168] ModelLoadManager::NotifyDelegateIfReadyForConfigure,All data types are ready for configuration
2024-08-09T16:30:15.041Z P:26616 T:33168] DataTypeManagerImpl::OnAllDataTypesReadyForConfigure,All data types are ready for configuration
2024-08-09T16:30:15.041Z P:26616 T:33168] DataTypeManagerImpl::StartNextConfiguration,Size: 3 front: Encryption Keys
2024-08-09T16:30:15.041Z P:26616 T:33168] DataTypeManagerImpl::PrepareConfigureParams,Add types: 
2024-08-09T16:30:15.041Z P:26616 T:11628] SyncManagerImpl::ConfigureSyncer,Types to download: 
2024-08-09T16:30:15.079Z P:26616 T:33168] DataTypeManagerImpl::ConfigurationCompleted,Left: 2
2024-08-09T16:30:15.079Z P:26616 T:33168] DataTypeManagerImpl::StartNextConfiguration,Size: 2 front: Device Info, Send Tab To Self
2024-08-09T16:30:15.079Z P:26616 T:33168] DataTypeManagerImpl::PrepareConfigureParams,Add types: Device Info, Send Tab To Self, Encryption Keys
2024-08-09T16:30:15.079Z P:26616 T:11628] SyncManagerImpl::ConfigureSyncer,Types to download: Device Info, Send Tab To Self, Encryption Keys
2024-08-09T16:30:15.375Z P:26616 T:33168] DataTypeManagerImpl::ConfigurationCompleted,Left: 1
2024-08-09T16:30:15.376Z P:26616 T:33168] DataTypeManagerImpl::StartNextConfiguration,Size: 1 front: User Consents
2024-08-09T16:30:15.376Z P:26616 T:33168] DataTypeManagerImpl::PrepareConfigureParams,Add types: 
2024-08-09T16:30:15.377Z P:26616 T:11628] SyncManagerImpl::ConfigureSyncer,Types to download: 
2024-08-09T16:30:15.377Z P:26616 T:33168] DataTypeManagerImpl::ConfigurationCompleted,Left: 0
2024-08-09T16:30:16.701Z P:26616 T:11628] Commit::PostAndProcessResponse,Device Info: Success
2024-08-09T16:30:16.701Z P:26616 T:11628] Commit::PostAndProcessResponse,User Consents: Success
2024-08-09T16:32:11.980Z P:26616 T:33168] SyncServiceImpl::ResetEngine,Reason: 0
